<?xml version="1.0" encoding="UTF-8"?>
<coverage generated="1745657390456" clover="3.2.0">
  <project timestamp="1745657390456" name="All files">
    <metrics statements="21" coveredstatements="21" conditionals="7" coveredconditionals="7" methods="2" coveredmethods="2" elements="30" coveredelements="30" complexity="0" loc="21" ncloc="21" packages="2" files="3" classes="3"/>
    <package name="functions_to_be_tested">
      <metrics statements="18" coveredstatements="18" conditionals="7" coveredconditionals="7" methods="2" coveredmethods="2"/>
      <file name="createCoupon.js" path="C:\Users\ratha\OneDrive\Desktop\Cedt Chula\2-67\Software Engineering\Project\Backend\functions_to_be_tested\createCoupon.js">
        <metrics statements="10" coveredstatements="10" conditionals="7" coveredconditionals="7" methods="1" coveredmethods="1"/>
        <line num="1" count="1" type="stmt"/>
        <line num="6" count="1" type="stmt"/>
        <line num="7" count="3" type="stmt"/>
        <line num="10" count="3" type="stmt"/>
        <line num="12" count="3" type="cond" truecount="7" falsecount="0"/>
        <line num="13" count="1" type="stmt"/>
        <line num="20" count="2" type="stmt"/>
        <line num="29" count="1" type="stmt"/>
        <line num="31" count="1" type="stmt"/>
        <line num="32" count="1" type="stmt"/>
      </file>
      <file name="deleteExpiredCoupon.js" path="C:\Users\ratha\OneDrive\Desktop\Cedt Chula\2-67\Software Engineering\Project\Backend\functions_to_be_tested\deleteExpiredCoupon.js">
        <metrics statements="8" coveredstatements="8" conditionals="0" coveredconditionals="0" methods="1" coveredmethods="1"/>
        <line num="1" count="1" type="stmt"/>
        <line num="6" count="1" type="stmt"/>
        <line num="7" count="2" type="stmt"/>
        <line num="8" count="2" type="stmt"/>
        <line num="9" count="2" type="stmt"/>
        <line num="12" count="1" type="stmt"/>
        <line num="17" count="1" type="stmt"/>
        <line num="18" count="1" type="stmt"/>
      </file>
    </package>
    <package name="models">
      <metrics statements="3" coveredstatements="3" conditionals="0" coveredconditionals="0" methods="0" coveredmethods="0"/>
      <file name="CouponModel.js" path="C:\Users\ratha\OneDrive\Desktop\Cedt Chula\2-67\Software Engineering\Project\Backend\models\CouponModel.js">
        <metrics statements="3" coveredstatements="3" conditionals="0" coveredconditionals="0" methods="0" coveredmethods="0"/>
        <line num="1" count="2" type="stmt"/>
        <line num="3" count="2" type="stmt"/>
        <line num="51" count="2" type="stmt"/>
      </file>
    </package>
  </project>
</coverage>
