{"C:\\Users\\ratha\\OneDrive\\Desktop\\Cedt Chula\\2-67\\Software Engineering\\Project\\Backend\\functions_to_be_tested\\createCoupon.js": {"path":"C:\\Users\\ratha\\OneDrive\\Desktop\\Cedt Chula\\2-67\\Software Engineering\\Project\\Backend\\functions_to_be_tested\\createCoupon.js","statementMap":{"0":{"start":{"line":1,"column":15},"end":{"line":1,"column":47}},"1":{"start":{"line":6,"column":0},"end":{"line":36,"column":2}},"2":{"start":{"line":7,"column":2},"end":{"line":35,"column":3}},"3":{"start":{"line":10,"column":6},"end":{"line":10,"column":14}},"4":{"start":{"line":12,"column":4},"end":{"line":18,"column":5}},"5":{"start":{"line":13,"column":6},"end":{"line":17,"column":9}},"6":{"start":{"line":20,"column":19},"end":{"line":27,"column":6}},"7":{"start":{"line":29,"column":4},"end":{"line":29,"column":58}},"8":{"start":{"line":31,"column":4},"end":{"line":31,"column":23}},"9":{"start":{"line":32,"column":4},"end":{"line":34,"column":65}}},"fnMap":{"0":{"name":"(anonymous_0)","decl":{"start":{"line":6,"column":23},"end":{"line":6,"column":24}},"loc":{"start":{"line":6,"column":49},"end":{"line":36,"column":1}},"line":6}},"branchMap":{"0":{"loc":{"start":{"line":12,"column":4},"end":{"line":18,"column":5}},"type":"if","locations":[{"start":{"line":12,"column":4},"end":{"line":18,"column":5}},{"start":{},"end":{}}],"line":12},"1":{"loc":{"start":{"line":12,"column":8},"end":{"line":12,"column":76}},"type":"binary-expr","locations":[{"start":{"line":12,"column":8},"end":{"line":12,"column":19}},{"start":{"line":12,"column":23},"end":{"line":12,"column":28}},{"start":{"line":12,"column":32},"end":{"line":12,"column":44}},{"start":{"line":12,"column":48},"end":{"line":12,"column":57}},{"start":{"line":12,"column":61},"end":{"line":12,"column":76}}],"line":12}},"s":{"0":1,"1":1,"2":3,"3":3,"4":3,"5":1,"6":2,"7":1,"8":1,"9":1},"f":{"0":3},"b":{"0":[1,2],"1":[3,3,2,2,2]},"_coverageSchema":"1a1c01bbd47fc00a2c39e90264f33305004495a9","hash":"2073da2869e17427b008558ce2083436a1644259"}
,"C:\\Users\\ratha\\OneDrive\\Desktop\\Cedt Chula\\2-67\\Software Engineering\\Project\\Backend\\functions_to_be_tested\\deleteExpiredCoupon.js": {"path":"C:\\Users\\ratha\\OneDrive\\Desktop\\Cedt Chula\\2-67\\Software Engineering\\Project\\Backend\\functions_to_be_tested\\deleteExpiredCoupon.js","statementMap":{"0":{"start":{"line":1,"column":15},"end":{"line":1,"column":47}},"1":{"start":{"line":6,"column":0},"end":{"line":22,"column":2}},"2":{"start":{"line":7,"column":2},"end":{"line":21,"column":3}},"3":{"start":{"line":8,"column":24},"end":{"line":8,"column":34}},"4":{"start":{"line":9,"column":19},"end":{"line":11,"column":6}},"5":{"start":{"line":12,"column":4},"end":{"line":15,"column":7}},"6":{"start":{"line":17,"column":4},"end":{"line":17,"column":23}},"7":{"start":{"line":18,"column":4},"end":{"line":20,"column":74}}},"fnMap":{"0":{"name":"(anonymous_0)","decl":{"start":{"line":6,"column":31},"end":{"line":6,"column":32}},"loc":{"start":{"line":6,"column":57},"end":{"line":22,"column":1}},"line":6}},"branchMap":{},"s":{"0":1,"1":1,"2":2,"3":2,"4":2,"5":1,"6":1,"7":1},"f":{"0":2},"b":{},"_coverageSchema":"1a1c01bbd47fc00a2c39e90264f33305004495a9","hash":"50b2f95129fdf74f601f1430d99b48eaea907c25"}
,"C:\\Users\\ratha\\OneDrive\\Desktop\\Cedt Chula\\2-67\\Software Engineering\\Project\\Backend\\models\\CouponModel.js": {"path":"C:\\Users\\ratha\\OneDrive\\Desktop\\Cedt Chula\\2-67\\Software Engineering\\Project\\Backend\\models\\CouponModel.js","statementMap":{"0":{"start":{"line":1,"column":17},"end":{"line":1,"column":36}},"1":{"start":{"line":3,"column":21},"end":{"line":46,"column":1}},"2":{"start":{"line":51,"column":0},"end":{"line":51,"column":56}}},"fnMap":{},"branchMap":{},"s":{"0":2,"1":2,"2":2},"f":{},"b":{},"_coverageSchema":"1a1c01bbd47fc00a2c39e90264f33305004495a9","hash":"499897b8b2e5cc2e37b504bf7aad00b81f48e63f"}
}
