TN:
SF:functions_to_be_tested\createCoupon.js
FN:6,(anonymous_0)
FNF:1
FNH:1
FNDA:3,(anonymous_0)
DA:1,1
DA:6,1
DA:7,3
DA:10,3
DA:12,3
DA:13,1
DA:20,2
DA:29,1
DA:31,1
DA:32,1
LF:10
LH:10
BRDA:12,0,0,1
BRDA:12,0,1,2
BRDA:12,1,0,3
BRDA:12,1,1,3
BRDA:12,1,2,2
BRDA:12,1,3,2
BRDA:12,1,4,2
BRF:7
BRH:7
end_of_record
TN:
SF:functions_to_be_tested\deleteExpiredCoupon.js
FN:6,(anonymous_0)
FNF:1
FNH:1
FNDA:2,(anonymous_0)
DA:1,1
DA:6,1
DA:7,2
DA:8,2
DA:9,2
DA:12,1
DA:17,1
DA:18,1
LF:8
LH:8
BRF:0
BRH:0
end_of_record
TN:
SF:models\CouponModel.js
FNF:0
FNH:0
DA:1,2
DA:3,2
DA:51,2
LF:3
LH:3
BRF:0
BRH:0
end_of_record
